Determining if the pthread_create exist failed with the following output:
Change Dir: /home/cobdor/bogertws/build/CMakeFiles/CMakeTmp

Run Build Command:"/usr/bin/make" "cmTC_781ba/fast"
/usr/bin/make -f CMakeFiles/cmTC_781ba.dir/build.make CMakeFiles/cmTC_781ba.dir/build
make[1]: Entering directory '/home/cobdor/bogertws/build/CMakeFiles/CMakeTmp'
Building C object CMakeFiles/cmTC_781ba.dir/CheckSymbolExists.c.o
/usr/bin/cc     -o CMakeFiles/cmTC_781ba.dir/CheckSymbolExists.c.o   -c /home/cobdor/bogertws/build/CMakeFiles/CMakeTmp/CheckSymbolExists.c
Linking C executable cmTC_781ba
/usr/bin/cmake -E cmake_link_script CMakeFiles/cmTC_781ba.dir/link.txt --verbose=1
/usr/bin/cc       CMakeFiles/cmTC_781ba.dir/CheckSymbolExists.c.o  -o cmTC_781ba -rdynamic 
CMakeFiles/cmTC_781ba.dir/CheckSymbolExists.c.o: In function `main':
CheckSymbolExists.c:(.text+0x16): undefined reference to `pthread_create'
collect2: error: ld returned 1 exit status
CMakeFiles/cmTC_781ba.dir/build.make:97: recipe for target 'cmTC_781ba' failed
make[1]: *** [cmTC_781ba] Error 1
make[1]: Leaving directory '/home/cobdor/bogertws/build/CMakeFiles/CMakeTmp'
Makefile:126: recipe for target 'cmTC_781ba/fast' failed
make: *** [cmTC_781ba/fast] Error 2

File /home/cobdor/bogertws/build/CMakeFiles/CMakeTmp/CheckSymbolExists.c:
/* */
#include <pthread.h>

int main(int argc, char** argv)
{
  (void)argv;
#ifndef pthread_create
  return ((int*)(&pthread_create))[argc];
#else
  (void)argc;
  return 0;
#endif
}

Determining if the function pthread_create exists in the pthreads failed with the following output:
Change Dir: /home/cobdor/bogertws/build/CMakeFiles/CMakeTmp

Run Build Command:"/usr/bin/make" "cmTC_e0420/fast"
/usr/bin/make -f CMakeFiles/cmTC_e0420.dir/build.make CMakeFiles/cmTC_e0420.dir/build
make[1]: Entering directory '/home/cobdor/bogertws/build/CMakeFiles/CMakeTmp'
Building C object CMakeFiles/cmTC_e0420.dir/CheckFunctionExists.c.o
/usr/bin/cc    -DCHECK_FUNCTION_EXISTS=pthread_create   -o CMakeFiles/cmTC_e0420.dir/CheckFunctionExists.c.o   -c /usr/share/cmake-3.5/Modules/CheckFunctionExists.c
Linking C executable cmTC_e0420
/usr/bin/cmake -E cmake_link_script CMakeFiles/cmTC_e0420.dir/link.txt --verbose=1
/usr/bin/cc   -DCHECK_FUNCTION_EXISTS=pthread_create    CMakeFiles/cmTC_e0420.dir/CheckFunctionExists.c.o  -o cmTC_e0420 -rdynamic -lpthreads 
/usr/bin/ld: cannot find -lpthreads
collect2: error: ld returned 1 exit status
CMakeFiles/cmTC_e0420.dir/build.make:97: recipe for target 'cmTC_e0420' failed
make[1]: *** [cmTC_e0420] Error 1
make[1]: Leaving directory '/home/cobdor/bogertws/build/CMakeFiles/CMakeTmp'
Makefile:126: recipe for target 'cmTC_e0420/fast' failed
make: *** [cmTC_e0420/fast] Error 2


Determining if the CL_VERSION_2_0 exist failed with the following output:
Change Dir: /home/cobdor/bogertws/build/CMakeFiles/CMakeTmp

Run Build Command:"/usr/bin/make" "cmTC_8f353/fast"
/usr/bin/make -f CMakeFiles/cmTC_8f353.dir/build.make CMakeFiles/cmTC_8f353.dir/build
make[1]: Entering directory '/home/cobdor/bogertws/build/CMakeFiles/CMakeTmp'
Building C object CMakeFiles/cmTC_8f353.dir/CheckSymbolExists.c.o
/usr/bin/cc     -o CMakeFiles/cmTC_8f353.dir/CheckSymbolExists.c.o   -c /home/cobdor/bogertws/build/CMakeFiles/CMakeTmp/CheckSymbolExists.c
/home/cobdor/bogertws/build/CMakeFiles/CMakeTmp/CheckSymbolExists.c:2:47: fatal error: OpenCL_INCLUDE_DIR-NOTFOUND/CL/cl.h: No such file or directory
compilation terminated.
CMakeFiles/cmTC_8f353.dir/build.make:65: recipe for target 'CMakeFiles/cmTC_8f353.dir/CheckSymbolExists.c.o' failed
make[1]: *** [CMakeFiles/cmTC_8f353.dir/CheckSymbolExists.c.o] Error 1
make[1]: Leaving directory '/home/cobdor/bogertws/build/CMakeFiles/CMakeTmp'
Makefile:126: recipe for target 'cmTC_8f353/fast' failed
make: *** [cmTC_8f353/fast] Error 2

File /home/cobdor/bogertws/build/CMakeFiles/CMakeTmp/CheckSymbolExists.c:
/* */
#include <OpenCL_INCLUDE_DIR-NOTFOUND/CL/cl.h>

int main(int argc, char** argv)
{
  (void)argv;
#ifndef CL_VERSION_2_0
  return ((int*)(&CL_VERSION_2_0))[argc];
#else
  (void)argc;
  return 0;
#endif
}

Determining if the CL_VERSION_1_2 exist failed with the following output:
Change Dir: /home/cobdor/bogertws/build/CMakeFiles/CMakeTmp

Run Build Command:"/usr/bin/make" "cmTC_a9e09/fast"
/usr/bin/make -f CMakeFiles/cmTC_a9e09.dir/build.make CMakeFiles/cmTC_a9e09.dir/build
make[1]: Entering directory '/home/cobdor/bogertws/build/CMakeFiles/CMakeTmp'
Building C object CMakeFiles/cmTC_a9e09.dir/CheckSymbolExists.c.o
/usr/bin/cc     -o CMakeFiles/cmTC_a9e09.dir/CheckSymbolExists.c.o   -c /home/cobdor/bogertws/build/CMakeFiles/CMakeTmp/CheckSymbolExists.c
/home/cobdor/bogertws/build/CMakeFiles/CMakeTmp/CheckSymbolExists.c:2:47: fatal error: OpenCL_INCLUDE_DIR-NOTFOUND/CL/cl.h: No such file or directory
compilation terminated.
CMakeFiles/cmTC_a9e09.dir/build.make:65: recipe for target 'CMakeFiles/cmTC_a9e09.dir/CheckSymbolExists.c.o' failed
make[1]: *** [CMakeFiles/cmTC_a9e09.dir/CheckSymbolExists.c.o] Error 1
make[1]: Leaving directory '/home/cobdor/bogertws/build/CMakeFiles/CMakeTmp'
Makefile:126: recipe for target 'cmTC_a9e09/fast' failed
make: *** [cmTC_a9e09/fast] Error 2

File /home/cobdor/bogertws/build/CMakeFiles/CMakeTmp/CheckSymbolExists.c:
/* */
#include <OpenCL_INCLUDE_DIR-NOTFOUND/CL/cl.h>

int main(int argc, char** argv)
{
  (void)argv;
#ifndef CL_VERSION_1_2
  return ((int*)(&CL_VERSION_1_2))[argc];
#else
  (void)argc;
  return 0;
#endif
}

Determining if the CL_VERSION_1_1 exist failed with the following output:
Change Dir: /home/cobdor/bogertws/build/CMakeFiles/CMakeTmp

Run Build Command:"/usr/bin/make" "cmTC_76c68/fast"
/usr/bin/make -f CMakeFiles/cmTC_76c68.dir/build.make CMakeFiles/cmTC_76c68.dir/build
make[1]: Entering directory '/home/cobdor/bogertws/build/CMakeFiles/CMakeTmp'
Building C object CMakeFiles/cmTC_76c68.dir/CheckSymbolExists.c.o
/usr/bin/cc     -o CMakeFiles/cmTC_76c68.dir/CheckSymbolExists.c.o   -c /home/cobdor/bogertws/build/CMakeFiles/CMakeTmp/CheckSymbolExists.c
/home/cobdor/bogertws/build/CMakeFiles/CMakeTmp/CheckSymbolExists.c:2:47: fatal error: OpenCL_INCLUDE_DIR-NOTFOUND/CL/cl.h: No such file or directory
compilation terminated.
CMakeFiles/cmTC_76c68.dir/build.make:65: recipe for target 'CMakeFiles/cmTC_76c68.dir/CheckSymbolExists.c.o' failed
make[1]: *** [CMakeFiles/cmTC_76c68.dir/CheckSymbolExists.c.o] Error 1
make[1]: Leaving directory '/home/cobdor/bogertws/build/CMakeFiles/CMakeTmp'
Makefile:126: recipe for target 'cmTC_76c68/fast' failed
make: *** [cmTC_76c68/fast] Error 2

File /home/cobdor/bogertws/build/CMakeFiles/CMakeTmp/CheckSymbolExists.c:
/* */
#include <OpenCL_INCLUDE_DIR-NOTFOUND/CL/cl.h>

int main(int argc, char** argv)
{
  (void)argv;
#ifndef CL_VERSION_1_1
  return ((int*)(&CL_VERSION_1_1))[argc];
#else
  (void)argc;
  return 0;
#endif
}

Determining if the CL_VERSION_1_0 exist failed with the following output:
Change Dir: /home/cobdor/bogertws/build/CMakeFiles/CMakeTmp

Run Build Command:"/usr/bin/make" "cmTC_beb25/fast"
/usr/bin/make -f CMakeFiles/cmTC_beb25.dir/build.make CMakeFiles/cmTC_beb25.dir/build
make[1]: Entering directory '/home/cobdor/bogertws/build/CMakeFiles/CMakeTmp'
Building C object CMakeFiles/cmTC_beb25.dir/CheckSymbolExists.c.o
/usr/bin/cc     -o CMakeFiles/cmTC_beb25.dir/CheckSymbolExists.c.o   -c /home/cobdor/bogertws/build/CMakeFiles/CMakeTmp/CheckSymbolExists.c
/home/cobdor/bogertws/build/CMakeFiles/CMakeTmp/CheckSymbolExists.c:2:47: fatal error: OpenCL_INCLUDE_DIR-NOTFOUND/CL/cl.h: No such file or directory
compilation terminated.
CMakeFiles/cmTC_beb25.dir/build.make:65: recipe for target 'CMakeFiles/cmTC_beb25.dir/CheckSymbolExists.c.o' failed
make[1]: *** [CMakeFiles/cmTC_beb25.dir/CheckSymbolExists.c.o] Error 1
make[1]: Leaving directory '/home/cobdor/bogertws/build/CMakeFiles/CMakeTmp'
Makefile:126: recipe for target 'cmTC_beb25/fast' failed
make: *** [cmTC_beb25/fast] Error 2

File /home/cobdor/bogertws/build/CMakeFiles/CMakeTmp/CheckSymbolExists.c:
/* */
#include <OpenCL_INCLUDE_DIR-NOTFOUND/CL/cl.h>

int main(int argc, char** argv)
{
  (void)argv;
#ifndef CL_VERSION_1_0
  return ((int*)(&CL_VERSION_1_0))[argc];
#else
  (void)argc;
  return 0;
#endif
}

